0 info it worked if it ends with ok
1 verbose cli [ 'C:\\Program Files\\nodejs\\node.exe',
1 verbose cli   'C:\\Users\\elemental\\AppData\\Roaming\\npm\\node_modules\\npm\\bin\\npm-cli.js',
1 verbose cli   'start' ]
2 info using npm@4.0.5
3 info using node@v7.3.0
4 verbose run-script [ 'prestart', 'start', 'poststart' ]
5 info lifecycle express-demo_2@1.0.0~prestart: express-demo_2@1.0.0
6 silly lifecycle express-demo_2@1.0.0~prestart: no script for prestart, continuing
7 info lifecycle express-demo_2@1.0.0~start: express-demo_2@1.0.0
8 verbose lifecycle express-demo_2@1.0.0~start: unsafe-perm in lifecycle true
9 verbose lifecycle express-demo_2@1.0.0~start: PATH: C:\Users\elemental\AppData\Roaming\npm\node_modules\npm\bin\node-gyp-bin;F:\projects\web\e\express-demo_3\node_modules\.bin;C:\ProgramData\Oracle\Java\javapath;C:\Windows\system32;C:\Windows;C:\Windows\System32\Wbem;C:\Windows\System32\WindowsPowerShell\v1.0\;C:\Program Files\Java\jdk1.8.0_121\bin;C:\Windows\System32\WindowsPowerShell\v1.0\;C:\batch;C:\Program Files (x86)\Skype\Phone\;C:\Users\Public\apps\whois;C:\Users\Public\apps\eclipse\eclipse;C:\Users\elemental\AppData\Roaming\npm;C:\andsdk;C:\andsdk\tools;C:\maven\apache-maven-3.3.9\bin;C:\ProgramData\chocolatey\bin;;C:\Users\Public\apps\curl;C:\Program Files\nodejs\;C:\mongodb\bin;C:\Users\elemental\AppData\Local\atom\bin;C:\Users\elemental\AppData\Local\Programs\Git\cmd;C:\Users\elemental\AppData\Local\Programs\Git\mingw64\bin;C:\Users\elemental\AppData\Local\Programs\Git\usr\bin;C:\Users\elemental\AppData\Roaming\npm
10 verbose lifecycle express-demo_2@1.0.0~start: CWD: F:\projects\web\e\express-demo_3
11 silly lifecycle express-demo_2@1.0.0~start: Args: [ '/d /s /c', 'nodemon app' ]
12 silly lifecycle express-demo_2@1.0.0~start: Returned: code: 3221225786  signal: null
13 info lifecycle express-demo_2@1.0.0~start: Failed to exec start script
14 verbose stack Error: express-demo_2@1.0.0 start: `nodemon app`
14 verbose stack Exit status 3221225786
14 verbose stack     at EventEmitter.<anonymous> (C:\Users\elemental\AppData\Roaming\npm\node_modules\npm\lib\utils\lifecycle.js:279:16)
14 verbose stack     at emitTwo (events.js:106:13)
14 verbose stack     at EventEmitter.emit (events.js:191:7)
14 verbose stack     at ChildProcess.<anonymous> (C:\Users\elemental\AppData\Roaming\npm\node_modules\npm\lib\utils\spawn.js:40:14)
14 verbose stack     at emitTwo (events.js:106:13)
14 verbose stack     at ChildProcess.emit (events.js:191:7)
14 verbose stack     at maybeClose (internal/child_process.js:885:16)
14 verbose stack     at Process.ChildProcess._handle.onexit (internal/child_process.js:226:5)
15 verbose pkgid express-demo_2@1.0.0
16 verbose cwd F:\projects\web\e\express-demo_3
17 error Windows_NT 6.1.7601
18 error argv "C:\\Program Files\\nodejs\\node.exe" "C:\\Users\\elemental\\AppData\\Roaming\\npm\\node_modules\\npm\\bin\\npm-cli.js" "start"
19 error node v7.3.0
20 error npm  v4.0.5
21 error code ELIFECYCLE
22 error express-demo_2@1.0.0 start: `nodemon app`
22 error Exit status 3221225786
23 error Failed at the express-demo_2@1.0.0 start script 'nodemon app'.
23 error Make sure you have the latest version of node.js and npm installed.
23 error If you do, this is most likely a problem with the express-demo_2 package,
23 error not with npm itself.
23 error Tell the author that this fails on your system:
23 error     nodemon app
23 error You can get information on how to open an issue for this project with:
23 error     npm bugs express-demo_2
23 error Or if that isn't available, you can get their info via:
23 error     npm owner ls express-demo_2
23 error There is likely additional logging output above.
24 verbose exit [ 1, true ]
